Using pre-set license
Built from '2020.3/staging' branch; Version is '2020.3.17f1 (a4537701e4ab) revision 10769271'; Using compiler version '192528614'; Build Type 'Release'
OS: 'Windows 10 Home; OS build 19043.1320; Version 2009; 64bit' Language: 'en' Physical Memory: 15776 MB
BatchMode: 1, IsHumanControllingUs: 0, StartBugReporterOnCrash: 0, Is64bit: 1, IsPro: 0

COMMAND LINE ARGUMENTS:
C:\Program Files\Unity\Hub\Editor\2020.3.17f1\Editor\Unity.exe
-adb2
-batchMode
-noUpm
-name
AssetImportWorker0
-projectPath
C:/Users/Sam/Documents/0 SLC 0/312 - Game Engines (Adv Scripting)/RobotRampage
-logFile
Logs/AssetImportWorker0.log
-srvPort
56261
Successfully changed project path to: C:/Users/Sam/Documents/0 SLC 0/312 - Game Engines (Adv Scripting)/RobotRampage
C:/Users/Sam/Documents/0 SLC 0/312 - Game Engines (Adv Scripting)/RobotRampage
Using Asset Import Pipeline V2.
Refreshing native plugins compatible for Editor in 45.22 ms, found 2 plugins.
Preloading 0 native plugins for Editor in 0.00 ms.
Initialize engine version: 2020.3.17f1 (a4537701e4ab)
[Subsystems] Discovering subsystems at path C:/Program Files/Unity/Hub/Editor/2020.3.17f1/Editor/Data/Resources/UnitySubsystems
[Subsystems] Discovering subsystems at path C:/Users/Sam/Documents/0 SLC 0/312 - Game Engines (Adv Scripting)/RobotRampage/Assets
GfxDevice: creating device client; threaded=0
Direct3D:
    Version:  Direct3D 11.0 [level 11.1]
    Renderer: NVIDIA GeForce RTX 3050 Ti Laptop GPU (ID=0x25a0)
    Vendor:   
    VRAM:     3990 MB
    Driver:   27.21.14.6235
Initialize mono
Mono path[0] = 'C:/Program Files/Unity/Hub/Editor/2020.3.17f1/Editor/Data/Managed'
Mono path[1] = 'C:/Program Files/Unity/Hub/Editor/2020.3.17f1/Editor/Data/MonoBleedingEdge/lib/mono/unityjit'
Mono config path = 'C:/Program Files/Unity/Hub/Editor/2020.3.17f1/Editor/Data/MonoBleedingEdge/etc'
Using monoOptions --debugger-agent=transport=dt_socket,embedding=1,server=y,suspend=n,address=127.0.0.1:56256
Begin MonoManager ReloadAssembly
Registering precompiled unity dll's ...
Register platform support module: C:/Program Files/Unity/Hub/Editor/2020.3.17f1/Editor/Data/PlaybackEngines/WindowsStandaloneSupport/UnityEditor.WindowsStandalone.Extensions.dll
Registered in 0.268939 seconds.
Native extension for WindowsStandalone target not found
Refreshing native plugins compatible for Editor in 51.38 ms, found 2 plugins.
Preloading 0 native plugins for Editor in 0.00 ms.
Mono: successfully reloaded assembly
- Completed reload, in  5.115 seconds
Domain Reload Profiling:
	ReloadAssembly (5116ms)
		BeginReloadAssembly (2718ms)
			ExecutionOrderSort (0ms)
			DisableScriptedObjects (0ms)
			BackupInstance (0ms)
			ReleaseScriptingObjects (0ms)
			CreateAndSetChildDomain (1ms)
		EndReloadAssembly (1051ms)
			LoadAssemblies (2715ms)
			RebuildTransferFunctionScriptingTraits (0ms)
			SetupTypeCache (596ms)
			ReleaseScriptCaches (0ms)
			RebuildScriptCaches (55ms)
			SetupLoadedEditorAssemblies (282ms)
				LogAssemblyErrors (0ms)
				InitializePlatformSupportModulesInManaged (6ms)
				SetLoadedEditorAssemblies (0ms)
				RefreshPlugins (51ms)
				BeforeProcessingInitializeOnLoad (25ms)
				ProcessInitializeOnLoadAttributes (135ms)
				ProcessInitializeOnLoadMethodAttributes (63ms)
				AfterProcessingInitializeOnLoad (0ms)
				EditorAssembliesLoaded (0ms)
			ExecutionOrderSort2 (0ms)
			AwakeInstancesAfterBackupRestoration (0ms)
Platform modules already initialized, skipping
Registering precompiled user dll's ...
Registered in 0.609079 seconds.
Begin MonoManager ReloadAssembly
Native extension for WindowsStandalone target not found
Refreshing native plugins compatible for Editor in 0.61 ms, found 2 plugins.
Preloading 0 native plugins for Editor in 0.00 ms.
Mono: successfully reloaded assembly
- Completed reload, in  2.201 seconds
Domain Reload Profiling:
	ReloadAssembly (2201ms)
		BeginReloadAssembly (174ms)
			ExecutionOrderSort (0ms)
			DisableScriptedObjects (6ms)
			BackupInstance (0ms)
			ReleaseScriptingObjects (0ms)
			CreateAndSetChildDomain (22ms)
		EndReloadAssembly (1917ms)
			LoadAssemblies (342ms)
			RebuildTransferFunctionScriptingTraits (0ms)
			SetupTypeCache (886ms)
			ReleaseScriptCaches (1ms)
			RebuildScriptCaches (46ms)
			SetupLoadedEditorAssemblies (567ms)
				LogAssemblyErrors (0ms)
				InitializePlatformSupportModulesInManaged (7ms)
				SetLoadedEditorAssemblies (1ms)
				RefreshPlugins (1ms)
				BeforeProcessingInitializeOnLoad (81ms)
				ProcessInitializeOnLoadAttributes (467ms)
				ProcessInitializeOnLoadMethodAttributes (4ms)
				AfterProcessingInitializeOnLoad (6ms)
				EditorAssembliesLoaded (0ms)
			ExecutionOrderSort2 (0ms)
			AwakeInstancesAfterBackupRestoration (7ms)
Platform modules already initialized, skipping
========================================================================
Worker process is ready to serve import requests
Launched and connected shader compiler UnityShaderCompiler.exe after 0.10 seconds
Refreshing native plugins compatible for Editor in 0.38 ms, found 2 plugins.
Preloading 0 native plugins for Editor in 0.00 ms.
Unloading 1454 Unused Serialized files (Serialized files now loaded: 0)
System memory in use before: 67.0 MB.
System memory in use after: 67.1 MB.

Unloading 18 unused Assets to reduce memory usage. Loaded Objects now: 1889.
Total: 2.748500 ms (FindLiveObjects: 0.140700 ms CreateObjectMapping: 0.036500 ms MarkObjects: 2.493200 ms  DeleteObjects: 0.077200 ms)

AssetImportParameters requested are different than current active one (requested -> active):
  custom:framework-win-MediaFoundation: 216162199b28c13a410421893ffa2e32 -> 
  custom:video-decoder-ogg-theora: a1e56fd34408186e4bbccfd4996cb3dc -> 
  custom:container-muxer-webm: aa71ff27fc2769a1b78a27578f13a17b -> 
  custom:container-demuxer-webm: 4f35f7cbe854078d1ac9338744f61a02 -> 
  custom:container-demuxer-ogg: 62fdf1f143b41e24485cea50d1cbac27 -> 
  custom:video-encoder-webm-vp8: eb34c28f22e8b96e1ab97ce403110664 -> 
  custom:video-codec-MediaFoundation-h265: 746d11721c4dcdbdad8f713fa42b33f4 -> 
  custom:video-decoder-webm-vp8: 9c59270c3fd7afecdb556c50c9e8de78 -> 
  custom:audio-decoder-ogg-vorbis: bf7c407c2cedff20999df2af8eb42d56 -> 
  custom:audio-encoder-webm-vorbis: bf7c407c2cedff20999df2af8eb42d56 -> 
========================================================================
Received Import Request.
  path: Assets/Scripts/PickupSpawn.cs
  artifactKey: Guid(13691d9266b193f48ac0a63b24535955) Importer(815301076,1909f56bfc062723c751e8b465ee728b)
Start importing Assets/Scripts/PickupSpawn.cs using Guid(13691d9266b193f48ac0a63b24535955) Importer(815301076,1909f56bfc062723c751e8b465ee728b)  -> (artifact id: '84016d80c646b4d7841c9ebc0b39586f') in 0.035994 seconds 
  Import took 0.038733 seconds .

========================================================================
Received Import Request.
  Time since last request: 38.794713 seconds.
  path: Assets/Scripts/PickupSpawn.cs
  artifactKey: Guid(13691d9266b193f48ac0a63b24535955) Importer(815301076,1909f56bfc062723c751e8b465ee728b)
Start importing Assets/Scripts/PickupSpawn.cs using Guid(13691d9266b193f48ac0a63b24535955) Importer(815301076,1909f56bfc062723c751e8b465ee728b)  -> (artifact id: '7d887813e3baf9b1d7a3ea9b1d6cd345') in 0.006595 seconds 
  Import took 0.010998 seconds .

========================================================================
Received Import Request.
  Time since last request: 0.001148 seconds.
  path: Assets/Scripts/PickupSpawn.cs
  artifactKey: Guid(13691d9266b193f48ac0a63b24535955) Importer(815301076,1909f56bfc062723c751e8b465ee728b)
Start importing Assets/Scripts/PickupSpawn.cs using Guid(13691d9266b193f48ac0a63b24535955) Importer(815301076,1909f56bfc062723c751e8b465ee728b)  -> (artifact id: '7d887813e3baf9b1d7a3ea9b1d6cd345') in 0.004254 seconds 
  Import took 0.008132 seconds .

========================================================================
Received Import Request.
  Time since last request: 35.894385 seconds.
  path: Assets/Scripts/PickupSpawn.cs
  artifactKey: Guid(13691d9266b193f48ac0a63b24535955) Importer(815301076,1909f56bfc062723c751e8b465ee728b)
Start importing Assets/Scripts/PickupSpawn.cs using Guid(13691d9266b193f48ac0a63b24535955) Importer(815301076,1909f56bfc062723c751e8b465ee728b)  -> (artifact id: 'a5b736abf0dc47649c9e1a05cbab2a21') in 0.006532 seconds 
  Import took 0.011587 seconds .

========================================================================
Received Import Request.
  Time since last request: 0.000735 seconds.
  path: Assets/Scripts/PickupSpawn.cs
  artifactKey: Guid(13691d9266b193f48ac0a63b24535955) Importer(815301076,1909f56bfc062723c751e8b465ee728b)
Start importing Assets/Scripts/PickupSpawn.cs using Guid(13691d9266b193f48ac0a63b24535955) Importer(815301076,1909f56bfc062723c751e8b465ee728b)  -> (artifact id: 'a5b736abf0dc47649c9e1a05cbab2a21') in 0.005707 seconds 
  Import took 0.009702 seconds .

========================================================================
Received Import Request.
  Time since last request: 27.688567 seconds.
  path: Assets/Scripts/PickupSpawn.cs
  artifactKey: Guid(13691d9266b193f48ac0a63b24535955) Importer(815301076,1909f56bfc062723c751e8b465ee728b)
Start importing Assets/Scripts/PickupSpawn.cs using Guid(13691d9266b193f48ac0a63b24535955) Importer(815301076,1909f56bfc062723c751e8b465ee728b)  -> (artifact id: 'ab18e3eea6c3267ec9015fe3f7d40455') in 0.006667 seconds 
  Import took 0.010775 seconds .

========================================================================
Received Import Request.
  Time since last request: 0.002630 seconds.
  path: Assets/Scripts/PickupSpawn.cs
  artifactKey: Guid(13691d9266b193f48ac0a63b24535955) Importer(815301076,1909f56bfc062723c751e8b465ee728b)
Start importing Assets/Scripts/PickupSpawn.cs using Guid(13691d9266b193f48ac0a63b24535955) Importer(815301076,1909f56bfc062723c751e8b465ee728b)  -> (artifact id: 'ab18e3eea6c3267ec9015fe3f7d40455') in 0.007448 seconds 
  Import took 0.011080 seconds .

========================================================================
Received Prepare
Registering precompiled user dll's ...
Registered in 0.004152 seconds.
Begin MonoManager ReloadAssembly
Native extension for WindowsStandalone target not found
Refreshing native plugins compatible for Editor in 0.46 ms, found 2 plugins.
Preloading 0 native plugins for Editor in 0.00 ms.
Mono: successfully reloaded assembly
- Completed reload, in  1.288 seconds
Domain Reload Profiling:
	ReloadAssembly (1289ms)
		BeginReloadAssembly (163ms)
			ExecutionOrderSort (0ms)
			DisableScriptedObjects (9ms)
			BackupInstance (0ms)
			ReleaseScriptingObjects (0ms)
			CreateAndSetChildDomain (44ms)
		EndReloadAssembly (1052ms)
			LoadAssemblies (118ms)
			RebuildTransferFunctionScriptingTraits (0ms)
			SetupTypeCache (310ms)
			ReleaseScriptCaches (1ms)
			RebuildScriptCaches (50ms)
			SetupLoadedEditorAssemblies (487ms)
				LogAssemblyErrors (0ms)
				InitializePlatformSupportModulesInManaged (7ms)
				SetLoadedEditorAssemblies (1ms)
				RefreshPlugins (1ms)
				BeforeProcessingInitializeOnLoad (105ms)
				ProcessInitializeOnLoadAttributes (361ms)
				ProcessInitializeOnLoadMethodAttributes (5ms)
				AfterProcessingInitializeOnLoad (7ms)
				EditorAssembliesLoaded (0ms)
			ExecutionOrderSort2 (0ms)
			AwakeInstancesAfterBackupRestoration (8ms)
Platform modules already initialized, skipping
Refreshing native plugins compatible for Editor in 0.64 ms, found 2 plugins.
Preloading 0 native plugins for Editor in 0.00 ms.
Unloading 1448 Unused Serialized files (Serialized files now loaded: 0)
System memory in use before: 66.7 MB.
System memory in use after: 66.9 MB.

Unloading 13 unused Assets to reduce memory usage. Loaded Objects now: 1891.
Total: 3.179600 ms (FindLiveObjects: 0.258500 ms CreateObjectMapping: 0.063200 ms MarkObjects: 2.838300 ms  DeleteObjects: 0.018500 ms)

AssetImportParameters requested are different than current active one (requested -> active):
  custom:framework-win-MediaFoundation: 216162199b28c13a410421893ffa2e32 -> 
  custom:video-decoder-ogg-theora: a1e56fd34408186e4bbccfd4996cb3dc -> 
  custom:container-muxer-webm: aa71ff27fc2769a1b78a27578f13a17b -> 
  custom:container-demuxer-webm: 4f35f7cbe854078d1ac9338744f61a02 -> 
  custom:container-demuxer-ogg: 62fdf1f143b41e24485cea50d1cbac27 -> 
  custom:video-encoder-webm-vp8: eb34c28f22e8b96e1ab97ce403110664 -> 
  custom:video-codec-MediaFoundation-h265: 746d11721c4dcdbdad8f713fa42b33f4 -> 
  custom:video-decoder-webm-vp8: 9c59270c3fd7afecdb556c50c9e8de78 -> 
  custom:audio-decoder-ogg-vorbis: bf7c407c2cedff20999df2af8eb42d56 -> 
  custom:audio-encoder-webm-vorbis: bf7c407c2cedff20999df2af8eb42d56 -> 
========================================================================
Received Prepare
Registering precompiled user dll's ...
Registered in 0.006376 seconds.
Begin MonoManager ReloadAssembly
Native extension for WindowsStandalone target not found
Refreshing native plugins compatible for Editor in 0.57 ms, found 2 plugins.
Preloading 0 native plugins for Editor in 0.00 ms.
Mono: successfully reloaded assembly
- Completed reload, in  1.245 seconds
Domain Reload Profiling:
	ReloadAssembly (1246ms)
		BeginReloadAssembly (140ms)
			ExecutionOrderSort (0ms)
			DisableScriptedObjects (6ms)
			BackupInstance (0ms)
			ReleaseScriptingObjects (0ms)
			CreateAndSetChildDomain (40ms)
		EndReloadAssembly (1018ms)
			LoadAssemblies (108ms)
			RebuildTransferFunctionScriptingTraits (0ms)
			SetupTypeCache (292ms)
			ReleaseScriptCaches (1ms)
			RebuildScriptCaches (58ms)
			SetupLoadedEditorAssemblies (452ms)
				LogAssemblyErrors (0ms)
				InitializePlatformSupportModulesInManaged (7ms)
				SetLoadedEditorAssemblies (1ms)
				RefreshPlugins (1ms)
				BeforeProcessingInitializeOnLoad (89ms)
				ProcessInitializeOnLoadAttributes (342ms)
				ProcessInitializeOnLoadMethodAttributes (5ms)
				AfterProcessingInitializeOnLoad (8ms)
				EditorAssembliesLoaded (0ms)
			ExecutionOrderSort2 (0ms)
			AwakeInstancesAfterBackupRestoration (8ms)
Platform modules already initialized, skipping
Refreshing native plugins compatible for Editor in 0.44 ms, found 2 plugins.
Preloading 0 native plugins for Editor in 0.00 ms.
Unloading 1448 Unused Serialized files (Serialized files now loaded: 0)
System memory in use before: 66.8 MB.
System memory in use after: 66.9 MB.

Unloading 13 unused Assets to reduce memory usage. Loaded Objects now: 1893.
Total: 3.000900 ms (FindLiveObjects: 0.151100 ms CreateObjectMapping: 0.042900 ms MarkObjects: 2.789600 ms  DeleteObjects: 0.016300 ms)

AssetImportParameters requested are different than current active one (requested -> active):
  custom:framework-win-MediaFoundation: 216162199b28c13a410421893ffa2e32 -> 
  custom:video-decoder-ogg-theora: a1e56fd34408186e4bbccfd4996cb3dc -> 
  custom:container-muxer-webm: aa71ff27fc2769a1b78a27578f13a17b -> 
  custom:container-demuxer-webm: 4f35f7cbe854078d1ac9338744f61a02 -> 
  custom:container-demuxer-ogg: 62fdf1f143b41e24485cea50d1cbac27 -> 
  custom:video-encoder-webm-vp8: eb34c28f22e8b96e1ab97ce403110664 -> 
  custom:video-codec-MediaFoundation-h265: 746d11721c4dcdbdad8f713fa42b33f4 -> 
  custom:video-decoder-webm-vp8: 9c59270c3fd7afecdb556c50c9e8de78 -> 
  custom:audio-decoder-ogg-vorbis: bf7c407c2cedff20999df2af8eb42d56 -> 
  custom:audio-encoder-webm-vorbis: bf7c407c2cedff20999df2af8eb42d56 -> 
========================================================================
Received Import Request.
  Time since last request: 257.879329 seconds.
  path: Assets/Resources/PickupSpawn.prefab
  artifactKey: Guid(e28f2571207864246aadec397a6a059f) Importer(815301076,1909f56bfc062723c751e8b465ee728b)
Start importing Assets/Resources/PickupSpawn.prefab using Guid(e28f2571207864246aadec397a6a059f) Importer(815301076,1909f56bfc062723c751e8b465ee728b)  -> (artifact id: '5d320ffe4102edcce38250b0766a31eb') in 0.097789 seconds 
  Import took 0.102187 seconds .

========================================================================
Received Import Request.
  Time since last request: 10.118532 seconds.
  path: Assets/Resources/PickupSpawn.prefab
  artifactKey: Guid(e28f2571207864246aadec397a6a059f) Importer(815301076,1909f56bfc062723c751e8b465ee728b)
Start importing Assets/Resources/PickupSpawn.prefab using Guid(e28f2571207864246aadec397a6a059f) Importer(815301076,1909f56bfc062723c751e8b465ee728b)  -> (artifact id: '051f173c6b768a772a654a057f626694') in 0.015087 seconds 
  Import took 0.019665 seconds .

========================================================================
Received Import Request.
  Time since last request: 0.572763 seconds.
  path: Assets/Resources/PickupSpawn.prefab
  artifactKey: Guid(e28f2571207864246aadec397a6a059f) Importer(815301076,1909f56bfc062723c751e8b465ee728b)
Start importing Assets/Resources/PickupSpawn.prefab using Guid(e28f2571207864246aadec397a6a059f) Importer(815301076,1909f56bfc062723c751e8b465ee728b)  -> (artifact id: '0087365afb8e34389a84cbf9650b7154') in 0.014415 seconds 
  Import took 0.019108 seconds .

========================================================================
Received Import Request.
  Time since last request: 2.618476 seconds.
  path: Assets/Resources/PickupSpawn.prefab
  artifactKey: Guid(e28f2571207864246aadec397a6a059f) Importer(815301076,1909f56bfc062723c751e8b465ee728b)
Start importing Assets/Resources/PickupSpawn.prefab using Guid(e28f2571207864246aadec397a6a059f) Importer(815301076,1909f56bfc062723c751e8b465ee728b)  -> (artifact id: '68e73c49ce3f92becb02c14f67f03622') in 0.015892 seconds 
  Import took 0.020536 seconds .

========================================================================
Received Prepare
Registering precompiled user dll's ...
Registered in 0.004151 seconds.
Begin MonoManager ReloadAssembly
Native extension for WindowsStandalone target not found
Refreshing native plugins compatible for Editor in 0.48 ms, found 2 plugins.
Preloading 0 native plugins for Editor in 0.00 ms.
Mono: successfully reloaded assembly
- Completed reload, in  1.254 seconds
Domain Reload Profiling:
	ReloadAssembly (1255ms)
		BeginReloadAssembly (145ms)
			ExecutionOrderSort (0ms)
			DisableScriptedObjects (7ms)
			BackupInstance (0ms)
			ReleaseScriptingObjects (0ms)
			CreateAndSetChildDomain (37ms)
		EndReloadAssembly (1026ms)
			LoadAssemblies (110ms)
			RebuildTransferFunctionScriptingTraits (0ms)
			SetupTypeCache (291ms)
			ReleaseScriptCaches (1ms)
			RebuildScriptCaches (51ms)
			SetupLoadedEditorAssemblies (475ms)
				LogAssemblyErrors (0ms)
				InitializePlatformSupportModulesInManaged (7ms)
				SetLoadedEditorAssemblies (1ms)
				RefreshPlugins (1ms)
				BeforeProcessingInitializeOnLoad (96ms)
				ProcessInitializeOnLoadAttributes (359ms)
				ProcessInitializeOnLoadMethodAttributes (5ms)
				AfterProcessingInitializeOnLoad (7ms)
				EditorAssembliesLoaded (0ms)
			ExecutionOrderSort2 (0ms)
			AwakeInstancesAfterBackupRestoration (9ms)
Platform modules already initialized, skipping
Refreshing native plugins compatible for Editor in 0.91 ms, found 2 plugins.
Preloading 0 native plugins for Editor in 0.00 ms.
Unloading 1448 Unused Serialized files (Serialized files now loaded: 0)
System memory in use before: 66.9 MB.
System memory in use after: 67.0 MB.

Unloading 13 unused Assets to reduce memory usage. Loaded Objects now: 1895.
Total: 3.299200 ms (FindLiveObjects: 0.151600 ms CreateObjectMapping: 0.052200 ms MarkObjects: 3.076600 ms  DeleteObjects: 0.017300 ms)

AssetImportParameters requested are different than current active one (requested -> active):
  custom:framework-win-MediaFoundation: 216162199b28c13a410421893ffa2e32 -> 
  custom:video-decoder-ogg-theora: a1e56fd34408186e4bbccfd4996cb3dc -> 
  custom:container-muxer-webm: aa71ff27fc2769a1b78a27578f13a17b -> 
  custom:container-demuxer-webm: 4f35f7cbe854078d1ac9338744f61a02 -> 
  custom:container-demuxer-ogg: 62fdf1f143b41e24485cea50d1cbac27 -> 
  custom:video-encoder-webm-vp8: eb34c28f22e8b96e1ab97ce403110664 -> 
  custom:video-codec-MediaFoundation-h265: 746d11721c4dcdbdad8f713fa42b33f4 -> 
  custom:video-decoder-webm-vp8: 9c59270c3fd7afecdb556c50c9e8de78 -> 
  custom:audio-decoder-ogg-vorbis: bf7c407c2cedff20999df2af8eb42d56 -> 
  custom:audio-encoder-webm-vorbis: bf7c407c2cedff20999df2af8eb42d56 -> 
========================================================================
Received Import Request.
  Time since last request: 375.543615 seconds.
  path: Assets/Resources/PickupAmmoAssaultRifle.prefab
  artifactKey: Guid(9f832004461f1284d9d497e0fae5093f) Importer(815301076,1909f56bfc062723c751e8b465ee728b)
Start importing Assets/Resources/PickupAmmoAssaultRifle.prefab using Guid(9f832004461f1284d9d497e0fae5093f) Importer(815301076,1909f56bfc062723c751e8b465ee728b)  -> (artifact id: 'a42e43751a6b71c4cf70ec24a777b356') in 0.167683 seconds 
  Import took 0.172956 seconds .

========================================================================
Received Import Request.
  Time since last request: 2.392490 seconds.
  path: Assets/Resources/PickupAmmoAssaultRifle.prefab
  artifactKey: Guid(9f832004461f1284d9d497e0fae5093f) Importer(815301076,1909f56bfc062723c751e8b465ee728b)
Start importing Assets/Resources/PickupAmmoAssaultRifle.prefab using Guid(9f832004461f1284d9d497e0fae5093f) Importer(815301076,1909f56bfc062723c751e8b465ee728b)  -> (artifact id: '54e851d24cafe91a91a3798630cb9b65') in 0.036112 seconds 
  Import took 0.041576 seconds .

========================================================================
Received Import Request.
  Time since last request: 1.181474 seconds.
  path: Assets/Resources/PickupAmmoAssaultRifle.prefab
  artifactKey: Guid(9f832004461f1284d9d497e0fae5093f) Importer(815301076,1909f56bfc062723c751e8b465ee728b)
Start importing Assets/Resources/PickupAmmoAssaultRifle.prefab using Guid(9f832004461f1284d9d497e0fae5093f) Importer(815301076,1909f56bfc062723c751e8b465ee728b)  -> (artifact id: 'a4e727c4e3314cb6ec85785d5149432b') in 0.023315 seconds 
  Import took 0.028089 seconds .

========================================================================
Received Import Request.
  Time since last request: 12.161053 seconds.
  path: Assets/Resources/PickupAmmoPistol.prefab
  artifactKey: Guid(940aaf910dbb38a48b630d4a7f743587) Importer(815301076,1909f56bfc062723c751e8b465ee728b)
Start importing Assets/Resources/PickupAmmoPistol.prefab using Guid(940aaf910dbb38a48b630d4a7f743587) Importer(815301076,1909f56bfc062723c751e8b465ee728b)  -> (artifact id: 'dfb08bdeca01aa8b5e56b82cea6f0acc') in 0.048001 seconds 
  Import took 0.053183 seconds .

========================================================================
Received Import Request.
  Time since last request: 0.000320 seconds.
  path: Assets/Resources/PickupAmmoShotgun.prefab
  artifactKey: Guid(f63c0b459fd76144792bca76fd75aa66) Importer(815301076,1909f56bfc062723c751e8b465ee728b)
Start importing Assets/Resources/PickupAmmoShotgun.prefab using Guid(f63c0b459fd76144792bca76fd75aa66) Importer(815301076,1909f56bfc062723c751e8b465ee728b)  -> (artifact id: 'ab7d245df6b6f1999c8536b1cb9c4ffb') in 0.041028 seconds 
  Import took 0.045586 seconds .

========================================================================
Received Import Request.
  Time since last request: 0.000327 seconds.
  path: Assets/Resources/PickupHealth.prefab
  artifactKey: Guid(f5e95b12a937f0d4995d12cf6a35495a) Importer(815301076,1909f56bfc062723c751e8b465ee728b)
Start importing Assets/Resources/PickupHealth.prefab using Guid(f5e95b12a937f0d4995d12cf6a35495a) Importer(815301076,1909f56bfc062723c751e8b465ee728b)  -> (artifact id: 'ad1b6566832a21d2460788ae1ff6ab34') in 0.031959 seconds 
  Import took 0.036394 seconds .

========================================================================
Received Import Request.
  Time since last request: 0.000355 seconds.
  path: Assets/Resources/PickupArmor.prefab
  artifactKey: Guid(ad56adbfc10cea94ab0f1c6d3abdf578) Importer(815301076,1909f56bfc062723c751e8b465ee728b)
Start importing Assets/Resources/PickupArmor.prefab using Guid(ad56adbfc10cea94ab0f1c6d3abdf578) Importer(815301076,1909f56bfc062723c751e8b465ee728b)  -> (artifact id: 'fdc899c614de91390c3b012549f2c6e6') in 0.027102 seconds 
  Import took 0.031037 seconds .

========================================================================
Received Import Request.
  Time since last request: 1.104579 seconds.
  path: Assets/Resources/PickupAmmoPistol.prefab
  artifactKey: Guid(940aaf910dbb38a48b630d4a7f743587) Importer(815301076,1909f56bfc062723c751e8b465ee728b)
Start importing Assets/Resources/PickupAmmoPistol.prefab using Guid(940aaf910dbb38a48b630d4a7f743587) Importer(815301076,1909f56bfc062723c751e8b465ee728b)  -> (artifact id: 'be3f796771c1988a818ee0b752eac245') in 0.016175 seconds 
  Import took 0.020538 seconds .

========================================================================
Received Import Request.
  Time since last request: 0.000295 seconds.
  path: Assets/Resources/PickupAmmoShotgun.prefab
  artifactKey: Guid(f63c0b459fd76144792bca76fd75aa66) Importer(815301076,1909f56bfc062723c751e8b465ee728b)
Start importing Assets/Resources/PickupAmmoShotgun.prefab using Guid(f63c0b459fd76144792bca76fd75aa66) Importer(815301076,1909f56bfc062723c751e8b465ee728b)  -> (artifact id: 'db25acad24b8040eb03fe5ec48a6bcf2') in 0.023002 seconds 
  Import took 0.026877 seconds .

========================================================================
Received Import Request.
  Time since last request: 0.000208 seconds.
  path: Assets/Resources/PickupHealth.prefab
  artifactKey: Guid(f5e95b12a937f0d4995d12cf6a35495a) Importer(815301076,1909f56bfc062723c751e8b465ee728b)
Start importing Assets/Resources/PickupHealth.prefab using Guid(f5e95b12a937f0d4995d12cf6a35495a) Importer(815301076,1909f56bfc062723c751e8b465ee728b)  -> (artifact id: '38cf1b607000a8ee10b2e74f90b5a2f6') in 0.014059 seconds 
  Import took 0.017380 seconds .

========================================================================
Received Import Request.
  Time since last request: 0.000268 seconds.
  path: Assets/Resources/PickupArmor.prefab
  artifactKey: Guid(ad56adbfc10cea94ab0f1c6d3abdf578) Importer(815301076,1909f56bfc062723c751e8b465ee728b)
Start importing Assets/Resources/PickupArmor.prefab using Guid(ad56adbfc10cea94ab0f1c6d3abdf578) Importer(815301076,1909f56bfc062723c751e8b465ee728b)  -> (artifact id: '5482e0b2a68244ee891f8e0e2451f5a8') in 0.013637 seconds 
  Import took 0.016840 seconds .

========================================================================
Received Prepare
Registering precompiled user dll's ...
Registered in 0.005875 seconds.
Begin MonoManager ReloadAssembly
Native extension for WindowsStandalone target not found
Refreshing native plugins compatible for Editor in 0.42 ms, found 2 plugins.
Preloading 0 native plugins for Editor in 0.00 ms.
Mono: successfully reloaded assembly
- Completed reload, in  1.320 seconds
Domain Reload Profiling:
	ReloadAssembly (1320ms)
		BeginReloadAssembly (152ms)
			ExecutionOrderSort (0ms)
			DisableScriptedObjects (6ms)
			BackupInstance (0ms)
			ReleaseScriptingObjects (0ms)
			CreateAndSetChildDomain (48ms)
		EndReloadAssembly (1081ms)
			LoadAssemblies (121ms)
			RebuildTransferFunctionScriptingTraits (0ms)
			SetupTypeCache (323ms)
			ReleaseScriptCaches (1ms)
			RebuildScriptCaches (46ms)
			SetupLoadedEditorAssemblies (508ms)
				LogAssemblyErrors (0ms)
				InitializePlatformSupportModulesInManaged (6ms)
				SetLoadedEditorAssemblies (0ms)
				RefreshPlugins (0ms)
				BeforeProcessingInitializeOnLoad (108ms)
				ProcessInitializeOnLoadAttributes (380ms)
				ProcessInitializeOnLoadMethodAttributes (5ms)
				AfterProcessingInitializeOnLoad (7ms)
				EditorAssembliesLoaded (0ms)
			ExecutionOrderSort2 (0ms)
			AwakeInstancesAfterBackupRestoration (8ms)
Platform modules already initialized, skipping
Refreshing native plugins compatible for Editor in 0.66 ms, found 2 plugins.
Preloading 0 native plugins for Editor in 0.00 ms.
Unloading 1448 Unused Serialized files (Serialized files now loaded: 0)
System memory in use before: 70.1 MB.
System memory in use after: 70.2 MB.

Unloading 13 unused Assets to reduce memory usage. Loaded Objects now: 1904.
Total: 3.259500 ms (FindLiveObjects: 0.197500 ms CreateObjectMapping: 0.065300 ms MarkObjects: 2.976800 ms  DeleteObjects: 0.019000 ms)

AssetImportParameters requested are different than current active one (requested -> active):
  custom:framework-win-MediaFoundation: 216162199b28c13a410421893ffa2e32 -> 
  custom:video-decoder-ogg-theora: a1e56fd34408186e4bbccfd4996cb3dc -> 
  custom:container-muxer-webm: aa71ff27fc2769a1b78a27578f13a17b -> 
  custom:container-demuxer-webm: 4f35f7cbe854078d1ac9338744f61a02 -> 
  custom:container-demuxer-ogg: 62fdf1f143b41e24485cea50d1cbac27 -> 
  custom:video-encoder-webm-vp8: eb34c28f22e8b96e1ab97ce403110664 -> 
  custom:video-codec-MediaFoundation-h265: 746d11721c4dcdbdad8f713fa42b33f4 -> 
  custom:video-decoder-webm-vp8: 9c59270c3fd7afecdb556c50c9e8de78 -> 
  custom:audio-decoder-ogg-vorbis: bf7c407c2cedff20999df2af8eb42d56 -> 
  custom:audio-encoder-webm-vorbis: bf7c407c2cedff20999df2af8eb42d56 -> 
========================================================================
Received Prepare
Registering precompiled user dll's ...
Registered in 0.005737 seconds.
Begin MonoManager ReloadAssembly
Native extension for WindowsStandalone target not found
Refreshing native plugins compatible for Editor in 0.47 ms, found 2 plugins.
Preloading 0 native plugins for Editor in 0.00 ms.
Mono: successfully reloaded assembly
- Completed reload, in  1.319 seconds
Domain Reload Profiling:
	ReloadAssembly (1319ms)
		BeginReloadAssembly (153ms)
			ExecutionOrderSort (0ms)
			DisableScriptedObjects (7ms)
			BackupInstance (0ms)
			ReleaseScriptingObjects (0ms)
			CreateAndSetChildDomain (56ms)
		EndReloadAssembly (1085ms)
			LoadAssemblies (115ms)
			RebuildTransferFunctionScriptingTraits (0ms)
			SetupTypeCache (343ms)
			ReleaseScriptCaches (1ms)
			RebuildScriptCaches (55ms)
			SetupLoadedEditorAssemblies (466ms)
				LogAssemblyErrors (0ms)
				InitializePlatformSupportModulesInManaged (7ms)
				SetLoadedEditorAssemblies (1ms)
				RefreshPlugins (1ms)
				BeforeProcessingInitializeOnLoad (90ms)
				ProcessInitializeOnLoadAttributes (355ms)
				ProcessInitializeOnLoadMethodAttributes (5ms)
				AfterProcessingInitializeOnLoad (8ms)
				EditorAssembliesLoaded (0ms)
			ExecutionOrderSort2 (0ms)
			AwakeInstancesAfterBackupRestoration (8ms)
Platform modules already initialized, skipping
Refreshing native plugins compatible for Editor in 0.41 ms, found 2 plugins.
Preloading 0 native plugins for Editor in 0.00 ms.
Unloading 1448 Unused Serialized files (Serialized files now loaded: 0)
System memory in use before: 70.1 MB.
System memory in use after: 70.2 MB.

Unloading 13 unused Assets to reduce memory usage. Loaded Objects now: 1906.
Total: 3.277900 ms (FindLiveObjects: 0.157700 ms CreateObjectMapping: 0.044600 ms MarkObjects: 3.049600 ms  DeleteObjects: 0.024800 ms)

AssetImportParameters requested are different than current active one (requested -> active):
  custom:framework-win-MediaFoundation: 216162199b28c13a410421893ffa2e32 -> 
  custom:video-decoder-ogg-theora: a1e56fd34408186e4bbccfd4996cb3dc -> 
  custom:container-muxer-webm: aa71ff27fc2769a1b78a27578f13a17b -> 
  custom:container-demuxer-webm: 4f35f7cbe854078d1ac9338744f61a02 -> 
  custom:container-demuxer-ogg: 62fdf1f143b41e24485cea50d1cbac27 -> 
  custom:video-encoder-webm-vp8: eb34c28f22e8b96e1ab97ce403110664 -> 
  custom:video-codec-MediaFoundation-h265: 746d11721c4dcdbdad8f713fa42b33f4 -> 
  custom:video-decoder-webm-vp8: 9c59270c3fd7afecdb556c50c9e8de78 -> 
  custom:audio-decoder-ogg-vorbis: bf7c407c2cedff20999df2af8eb42d56 -> 
  custom:audio-encoder-webm-vorbis: bf7c407c2cedff20999df2af8eb42d56 -> 
========================================================================
Received Prepare
Registering precompiled user dll's ...
Registered in 0.005170 seconds.
Begin MonoManager ReloadAssembly
Native extension for WindowsStandalone target not found
Refreshing native plugins compatible for Editor in 0.42 ms, found 2 plugins.
Preloading 0 native plugins for Editor in 0.00 ms.
Mono: successfully reloaded assembly
- Completed reload, in  1.270 seconds
Domain Reload Profiling:
	ReloadAssembly (1271ms)
		BeginReloadAssembly (175ms)
			ExecutionOrderSort (0ms)
			DisableScriptedObjects (6ms)
			BackupInstance (0ms)
			ReleaseScriptingObjects (0ms)
			CreateAndSetChildDomain (52ms)
		EndReloadAssembly (996ms)
			LoadAssemblies (125ms)
			RebuildTransferFunctionScriptingTraits (0ms)
			SetupTypeCache (270ms)
			ReleaseScriptCaches (1ms)
			RebuildScriptCaches (48ms)
			SetupLoadedEditorAssemblies (465ms)
				LogAssemblyErrors (0ms)
				InitializePlatformSupportModulesInManaged (7ms)
				SetLoadedEditorAssemblies (1ms)
				RefreshPlugins (1ms)
				BeforeProcessingInitializeOnLoad (90ms)
				ProcessInitializeOnLoadAttributes (354ms)
				ProcessInitializeOnLoadMethodAttributes (5ms)
				AfterProcessingInitializeOnLoad (8ms)
				EditorAssembliesLoaded (1ms)
			ExecutionOrderSort2 (0ms)
			AwakeInstancesAfterBackupRestoration (11ms)
Platform modules already initialized, skipping
Refreshing native plugins compatible for Editor in 0.41 ms, found 2 plugins.
Preloading 0 native plugins for Editor in 0.00 ms.
Unloading 1448 Unused Serialized files (Serialized files now loaded: 0)
System memory in use before: 70.1 MB.
System memory in use after: 70.2 MB.

Unloading 13 unused Assets to reduce memory usage. Loaded Objects now: 1908.
Total: 3.009900 ms (FindLiveObjects: 0.156000 ms CreateObjectMapping: 0.043200 ms MarkObjects: 2.792800 ms  DeleteObjects: 0.017000 ms)

AssetImportParameters requested are different than current active one (requested -> active):
  custom:framework-win-MediaFoundation: 216162199b28c13a410421893ffa2e32 -> 
  custom:video-decoder-ogg-theora: a1e56fd34408186e4bbccfd4996cb3dc -> 
  custom:container-muxer-webm: aa71ff27fc2769a1b78a27578f13a17b -> 
  custom:container-demuxer-webm: 4f35f7cbe854078d1ac9338744f61a02 -> 
  custom:container-demuxer-ogg: 62fdf1f143b41e24485cea50d1cbac27 -> 
  custom:video-encoder-webm-vp8: eb34c28f22e8b96e1ab97ce403110664 -> 
  custom:video-codec-MediaFoundation-h265: 746d11721c4dcdbdad8f713fa42b33f4 -> 
  custom:video-decoder-webm-vp8: 9c59270c3fd7afecdb556c50c9e8de78 -> 
  custom:audio-decoder-ogg-vorbis: bf7c407c2cedff20999df2af8eb42d56 -> 
  custom:audio-encoder-webm-vorbis: bf7c407c2cedff20999df2af8eb42d56 -> 
